<?xml version="1.0" encoding="UTF-8"?>
<!-- Generated by org.testng.reporters.JUnitXMLReporter -->
<testsuite ignored="0" hostname="Yashu" failures="0" tests="4" name="Default test" time="0.046" errors="0" timestamp="2024-09-02T20:02:44 IST">
  <testcase classname="TestNG.TestNGPart1" name="A" time="0.008"/>
  <testcase classname="TestNG.TestNGPart1" name="B" time="0.002"/>
  <testcase classname="TestNG.TestNGPart1" name="C" time="0.001"/>
  <testcase classname="TestNG.TestNGPart1" name="D" time="0.001"/>
</testsuite> <!-- Default test -->
