<?xml version="1.0" encoding="UTF-8"?>
<!-- Generated by org.testng.reporters.JUnitXMLReporter -->
<testsuite ignored="0" hostname="Yashu" failures="0" tests="4" name="Test" time="0.05" errors="0" timestamp="2024-09-02T20:11:30 IST">
  <testcase classname="TestNG.TestNGPart1" name="A" time="0.01"/>
  <testcase classname="TestNG.TestNGPart1" name="B" time="0.001"/>
  <testcase classname="TestNG.TestNGPart1" name="C" time="0.001"/>
  <testcase classname="TestNG.TestNGPart1" name="D" time="0.0"/>
</testsuite> <!-- Test -->
