<?xml version="1.0" encoding="UTF-8"?>
<testng-results ignored="0" total="4" passed="4" failed="0" skipped="0">
  <reporter-output>
  </reporter-output>
  <suite started-at="2024-09-02T20:11:30 IST" name="Suite" finished-at="2024-09-02T20:11:30 IST" duration-ms="50">
    <groups>
    </groups>
    <test started-at="2024-09-02T20:11:30 IST" name="Test" finished-at="2024-09-02T20:11:30 IST" duration-ms="50">
      <class name="TestNG.TestNGPart1">
        <test-method signature="A()[pri:1, instance:TestNG.TestNGPart1@6aba2b86]" started-at="2024-09-02T20:11:30 IST" name="A" finished-at="2024-09-02T20:11:30 IST" duration-ms="10" status="PASS">
          <reporter-output>
          </reporter-output>
        </test-method> <!-- A -->
        <test-method signature="B()[pri:2, instance:TestNG.TestNGPart1@6aba2b86]" started-at="2024-09-02T20:11:30 IST" name="B" finished-at="2024-09-02T20:11:30 IST" duration-ms="1" status="PASS">
          <reporter-output>
          </reporter-output>
        </test-method> <!-- B -->
        <test-method signature="C()[pri:3, instance:TestNG.TestNGPart1@6aba2b86]" started-at="2024-09-02T20:11:30 IST" name="C" finished-at="2024-09-02T20:11:30 IST" duration-ms="1" status="PASS">
          <reporter-output>
          </reporter-output>
        </test-method> <!-- C -->
        <test-method signature="D()[pri:4, instance:TestNG.TestNGPart1@6aba2b86]" started-at="2024-09-02T20:11:30 IST" name="D" finished-at="2024-09-02T20:11:30 IST" duration-ms="0" status="PASS">
          <reporter-output>
          </reporter-output>
        </test-method> <!-- D -->
      </class> <!-- TestNG.TestNGPart1 -->
    </test> <!-- Test -->
  </suite> <!-- Suite -->
</testng-results>
